d:\cg 2017 ta package\programming\cg-examples-2017\build\win32\debug\vc140.pdb
d:\cg 2017 ta package\programming\cg-examples-2017\build\win32\debug\vc140.idb
d:\cg 2017 ta package\programming\cg-examples-2017\build\win32\debug\debugmessagecallback.obj
d:\cg 2017 ta package\programming\cg-examples-2017\build\win32\debug\examplescene1.obj
d:\cg 2017 ta package\programming\cg-examples-2017\build\win32\debug\examplescene2.obj
d:\cg 2017 ta package\programming\cg-examples-2017\build\win32\debug\examplescene3.obj
d:\cg 2017 ta package\programming\cg-examples-2017\build\win32\debug\examplescene4.obj
d:\cg 2017 ta package\programming\cg-examples-2017\build\win32\debug\main.obj
d:\cg 2017 ta package\programming\cg-examples-2017\build\win32\debug\objparser.obj
d:\cg 2017 ta package\programming\cg-examples-2017\build\win32\debug\sdlwrapper.obj
d:\cg 2017 ta package\programming\cg-examples-2017\build\win32\debug\shaderprogram.obj
d:\cg 2017 ta package\programming\cg-examples-2017\build\win32\debug\texture.obj
d:\cg 2017 ta package\programming\cg-examples-2017\bin\win32\cg.ilk
d:\cg 2017 ta package\programming\cg-examples-2017\bin\win32\cg.exe
d:\cg 2017 ta package\programming\cg-examples-2017\bin\win32\cg.pdb
d:\cg_2019\cg-examples-2017\build\win32\debug\main.obj.enc
d:\cg_2019\cg-examples-2017\build\win32\debug\cg.tlog\cl.command.1.tlog
d:\cg_2019\cg-examples-2017\build\win32\debug\cg.tlog\cl.read.1.tlog
d:\cg_2019\cg-examples-2017\build\win32\debug\cg.tlog\cl.write.1.tlog
d:\cg_2019\cg-examples-2017\build\win32\debug\cg.tlog\link.command.1.tlog
d:\cg_2019\cg-examples-2017\build\win32\debug\cg.tlog\link.read.1.tlog
d:\cg_2019\cg-examples-2017\build\win32\debug\cg.tlog\link.write.1.tlog
