k:\my documents\computer graphics\programming3\521140s_code_package\cg-p3-assignment\build\win32\debug\vc140.pdb
k:\my documents\computer graphics\programming3\521140s_code_package\cg-p3-assignment\build\win32\debug\vc140.idb
k:\my documents\computer graphics\programming3\521140s_code_package\cg-p3-assignment\build\win32\debug\assignment3.obj
k:\my documents\computer graphics\programming3\521140s_code_package\cg-p3-assignment\build\win32\debug\debugmessagecallback.obj
k:\my documents\computer graphics\programming3\521140s_code_package\cg-p3-assignment\build\win32\debug\examplescene3.obj
k:\my documents\computer graphics\programming3\521140s_code_package\cg-p3-assignment\build\win32\debug\examplescene4.obj
k:\my documents\computer graphics\programming3\521140s_code_package\cg-p3-assignment\build\win32\debug\main.obj
k:\my documents\computer graphics\programming3\521140s_code_package\cg-p3-assignment\build\win32\debug\objparser.obj
k:\my documents\computer graphics\programming3\521140s_code_package\cg-p3-assignment\build\win32\debug\sdlwrapper.obj
k:\my documents\computer graphics\programming3\521140s_code_package\cg-p3-assignment\build\win32\debug\shaderprogram.obj
k:\my documents\computer graphics\programming3\521140s_code_package\cg-p3-assignment\build\win32\debug\texture.obj
k:\my documents\computer graphics\programming3\521140s_code_package\cg-p3-assignment\bin\win32\cg.ilk
k:\my documents\computer graphics\programming3\521140s_code_package\cg-p3-assignment\bin\win32\cg.exe
k:\my documents\computer graphics\programming3\521140s_code_package\cg-p3-assignment\bin\win32\cg.pdb
k:\my documents\computer graphics\programming3\521140s_code_package\cg-p3-assignment\build\win32\debug\cg.tlog\cl.read.1.tlog
k:\my documents\computer graphics\programming3\521140s_code_package\cg-p3-assignment\build\win32\debug\cg.tlog\cl.write.1.tlog
k:\my documents\computer graphics\programming3\521140s_code_package\cg-p3-assignment\build\win32\debug\cg.tlog\cl.command.1.tlog
k:\my documents\computer graphics\programming3\521140s_code_package\cg-p3-assignment\build\win32\debug\cg.tlog\link.read.1.tlog
k:\my documents\computer graphics\programming3\521140s_code_package\cg-p3-assignment\build\win32\debug\cg.tlog\link.write.1.tlog
k:\my documents\computer graphics\programming3\521140s_code_package\cg-p3-assignment\build\win32\debug\cg.tlog\link.command.1.tlog
